<?xml version="1.0" encoding="UTF-8"?>
<!-- Generated by org.testng.reporters.JUnitXMLReporter -->
<testsuite ignored="0" hostname="Amals_HP_Envy" failures="0" tests="4" name="ChromeTests" time="37.542" errors="0" timestamp="2026-03-11T15:14:29 EDT">
  <testcase classname="autm.amalwee.tests.RegisterTest" name="userCanRegister" time="25.019"/>
  <testcase classname="autm.amalwee.tests.RegisterTest" name="userCanRegister" time="15.003"/>
  <testcase classname="autm.amalwee.tests.RegisterTest" name="userCanRegister" time="16.369"/>
  <testcase classname="autm.amalwee.tests.RegisterTest" name="userCanRegister" time="15.553"/>
</testsuite> <!-- ChromeTests -->
