<?xml version="1.0" encoding="UTF-8"?>
<!-- Generated by org.testng.reporters.JUnitXMLReporter -->
<testsuite ignored="0" hostname="Amals_HP_Envy" failures="0" tests="4" name="EdgeTests" time="37.91" errors="0" timestamp="2026-03-11T15:14:29 EDT">
  <testcase classname="autm.amalwee.tests.RegisterTest" name="userCanRegister" time="21.955"/>
  <testcase classname="autm.amalwee.tests.RegisterTest" name="userCanRegister" time="20.634"/>
  <testcase classname="autm.amalwee.tests.RegisterTest" name="userCanRegister" time="23.232"/>
  <testcase classname="autm.amalwee.tests.RegisterTest" name="userCanRegister" time="21.628"/>
</testsuite> <!-- EdgeTests -->
