<?xml version="1.0" encoding="UTF-8"?>
<testng-results ignored="0" total="12" passed="11" failed="1" skipped="0">
  <reporter-output>
  </reporter-output>
  <suite started-at="2026-03-11T15:13:51 EDT" name="Automation Suite" finished-at="2026-03-11T15:14:29 EDT" duration-ms="37910">
    <groups>
    </groups>
    <test started-at="2026-03-11T15:13:51 EDT" name="ChromeTests" finished-at="2026-03-11T15:14:29 EDT" duration-ms="37542">
      <class name="autm.amalwee.tests.RegisterTest">
        <test-method is-config="true" signature="setUp(java.lang.String,java.lang.String)[pri:0, instance:autm.amalwee.tests.RegisterTest@408d971b]" started-at="2026-03-11T15:13:52 EDT" name="setUp" finished-at="2026-03-11T15:14:12 EDT" duration-ms="20348" status="PASS">
          <params>
            <param index="0">
              <value>
                <![CDATA[chrome]]>
              </value>
            </param>
            <param index="1">
              <value>
                <![CDATA[true]]>
              </value>
            </param>
          </params>
          <reporter-output>
          </reporter-output>
        </test-method> <!-- setUp -->
        <test-method is-config="true" signature="setUp(java.lang.String,java.lang.String)[pri:0, instance:autm.amalwee.tests.RegisterTest@408d971b]" started-at="2026-03-11T15:13:52 EDT" name="setUp" finished-at="2026-03-11T15:14:11 EDT" duration-ms="19485" status="PASS">
          <params>
            <param index="0">
              <value>
                <![CDATA[chrome]]>
              </value>
            </param>
            <param index="1">
              <value>
                <![CDATA[true]]>
              </value>
            </param>
          </params>
          <reporter-output>
          </reporter-output>
        </test-method> <!-- setUp -->
        <test-method is-config="true" signature="setUp(java.lang.String,java.lang.String)[pri:0, instance:autm.amalwee.tests.RegisterTest@408d971b]" started-at="2026-03-11T15:13:52 EDT" name="setUp" finished-at="2026-03-11T15:14:01 EDT" duration-ms="9943" status="PASS">
          <params>
            <param index="0">
              <value>
                <![CDATA[chrome]]>
              </value>
            </param>
            <param index="1">
              <value>
                <![CDATA[true]]>
              </value>
            </param>
          </params>
          <reporter-output>
          </reporter-output>
        </test-method> <!-- setUp -->
        <test-method is-config="true" signature="setUp(java.lang.String,java.lang.String)[pri:0, instance:autm.amalwee.tests.RegisterTest@408d971b]" started-at="2026-03-11T15:13:52 EDT" name="setUp" finished-at="2026-03-11T15:14:12 EDT" duration-ms="20507" status="PASS">
          <params>
            <param index="0">
              <value>
                <![CDATA[chrome]]>
              </value>
            </param>
            <param index="1">
              <value>
                <![CDATA[true]]>
              </value>
            </param>
          </params>
          <reporter-output>
          </reporter-output>
        </test-method> <!-- setUp -->
        <test-method signature="userCanRegister(java.lang.String,java.lang.String,java.lang.String,java.lang.String,java.lang.String,boolean,java.lang.String)[pri:0, instance:autm.amalwee.tests.RegisterTest@408d971b]" started-at="2026-03-11T15:14:01 EDT" name="userCanRegister" data-provider="registerUsers" finished-at="2026-03-11T15:14:26 EDT" duration-ms="25019" status="PASS">
          <params>
            <param index="0">
              <value>
                <![CDATA[female]]>
              </value>
            </param>
            <param index="1">
              <value>
                <![CDATA[Anna]]>
              </value>
            </param>
            <param index="2">
              <value>
                <![CDATA[Smith]]>
              </value>
            </param>
            <param index="3">
              <value>
                <![CDATA[anna1773256431984@mail.com]]>
              </value>
            </param>
            <param index="4">
              <value>
                <![CDATA[VDC Company]]>
              </value>
            </param>
            <param index="5">
              <value>
                <![CDATA[true]]>
              </value>
            </param>
            <param index="6">
              <value>
                <![CDATA[Password123!]]>
              </value>
            </param>
          </params>
          <reporter-output>
          </reporter-output>
        </test-method> <!-- userCanRegister -->
        <test-method signature="userCanRegister(java.lang.String,java.lang.String,java.lang.String,java.lang.String,java.lang.String,boolean,java.lang.String)[pri:0, instance:autm.amalwee.tests.RegisterTest@408d971b]" started-at="2026-03-11T15:14:11 EDT" name="userCanRegister" data-provider="registerUsers" finished-at="2026-03-11T15:14:27 EDT" duration-ms="16369" status="PASS">
          <params>
            <param index="0">
              <value>
                <![CDATA[male]]>
              </value>
            </param>
            <param index="1">
              <value>
                <![CDATA[Tom]]>
              </value>
            </param>
            <param index="2">
              <value>
                <![CDATA[Johb]]>
              </value>
            </param>
            <param index="3">
              <value>
                <![CDATA[tom1773256431984@mail.com]]>
              </value>
            </param>
            <param index="4">
              <value>
                <![CDATA[RET Company]]>
              </value>
            </param>
            <param index="5">
              <value>
                <![CDATA[false]]>
              </value>
            </param>
            <param index="6">
              <value>
                <![CDATA[Password123!]]>
              </value>
            </param>
          </params>
          <reporter-output>
          </reporter-output>
        </test-method> <!-- userCanRegister -->
        <test-method signature="userCanRegister(java.lang.String,java.lang.String,java.lang.String,java.lang.String,java.lang.String,boolean,java.lang.String)[pri:0, instance:autm.amalwee.tests.RegisterTest@408d971b]" started-at="2026-03-11T15:14:12 EDT" name="userCanRegister" data-provider="registerUsers" finished-at="2026-03-11T15:14:27 EDT" duration-ms="15003" status="PASS">
          <params>
            <param index="0">
              <value>
                <![CDATA[male]]>
              </value>
            </param>
            <param index="1">
              <value>
                <![CDATA[John]]>
              </value>
            </param>
            <param index="2">
              <value>
                <![CDATA[Doe]]>
              </value>
            </param>
            <param index="3">
              <value>
                <![CDATA[john1773256431984@mail.com]]>
              </value>
            </param>
            <param index="4">
              <value>
                <![CDATA[ABC Company]]>
              </value>
            </param>
            <param index="5">
              <value>
                <![CDATA[true]]>
              </value>
            </param>
            <param index="6">
              <value>
                <![CDATA[Password123!]]>
              </value>
            </param>
          </params>
          <reporter-output>
          </reporter-output>
        </test-method> <!-- userCanRegister -->
        <test-method signature="userCanRegister(java.lang.String,java.lang.String,java.lang.String,java.lang.String,java.lang.String,boolean,java.lang.String)[pri:0, instance:autm.amalwee.tests.RegisterTest@408d971b]" started-at="2026-03-11T15:14:12 EDT" name="userCanRegister" data-provider="registerUsers" finished-at="2026-03-11T15:14:28 EDT" duration-ms="15553" status="PASS">
          <params>
            <param index="0">
              <value>
                <![CDATA[female]]>
              </value>
            </param>
            <param index="1">
              <value>
                <![CDATA[David]]>
              </value>
            </param>
            <param index="2">
              <value>
                <![CDATA[Lee]]>
              </value>
            </param>
            <param index="3">
              <value>
                <![CDATA[david1773256431984@mail.com]]>
              </value>
            </param>
            <param index="4">
              <value>
                <![CDATA[SDE Company]]>
              </value>
            </param>
            <param index="5">
              <value>
                <![CDATA[false]]>
              </value>
            </param>
            <param index="6">
              <value>
                <![CDATA[Password123!]]>
              </value>
            </param>
          </params>
          <reporter-output>
          </reporter-output>
        </test-method> <!-- userCanRegister -->
        <test-method is-config="true" signature="tearDown()[pri:0, instance:autm.amalwee.tests.RegisterTest@408d971b]" started-at="2026-03-11T15:14:26 EDT" name="tearDown" finished-at="2026-03-11T15:14:29 EDT" duration-ms="2317" status="PASS">
          <reporter-output>
          </reporter-output>
        </test-method> <!-- tearDown -->
        <test-method is-config="true" signature="tearDown()[pri:0, instance:autm.amalwee.tests.RegisterTest@408d971b]" started-at="2026-03-11T15:14:27 EDT" name="tearDown" finished-at="2026-03-11T15:14:29 EDT" duration-ms="2115" status="PASS">
          <reporter-output>
          </reporter-output>
        </test-method> <!-- tearDown -->
        <test-method is-config="true" signature="tearDown()[pri:0, instance:autm.amalwee.tests.RegisterTest@408d971b]" started-at="2026-03-11T15:14:27 EDT" name="tearDown" finished-at="2026-03-11T15:14:28 EDT" duration-ms="651" status="PASS">
          <reporter-output>
          </reporter-output>
        </test-method> <!-- tearDown -->
        <test-method is-config="true" signature="tearDown()[pri:0, instance:autm.amalwee.tests.RegisterTest@408d971b]" started-at="2026-03-11T15:14:28 EDT" name="tearDown" finished-at="2026-03-11T15:14:29 EDT" duration-ms="1249" status="PASS">
          <reporter-output>
          </reporter-output>
        </test-method> <!-- tearDown -->
      </class> <!-- autm.amalwee.tests.RegisterTest -->
    </test> <!-- ChromeTests -->
    <test started-at="2026-03-11T15:13:51 EDT" name="FirefoxTests" finished-at="2026-03-11T15:14:29 EDT" duration-ms="37598">
      <class name="autm.amalwee.tests.RegisterTest">
        <test-method is-config="true" signature="setUp(java.lang.String,java.lang.String)[pri:0, instance:autm.amalwee.tests.RegisterTest@55b0dcab]" started-at="2026-03-11T15:13:52 EDT" name="setUp" finished-at="2026-03-11T15:14:15 EDT" duration-ms="23097" status="PASS">
          <params>
            <param index="0">
              <value>
                <![CDATA[firefox]]>
              </value>
            </param>
            <param index="1">
              <value>
                <![CDATA[true]]>
              </value>
            </param>
          </params>
          <reporter-output>
          </reporter-output>
        </test-method> <!-- setUp -->
        <test-method is-config="true" signature="setUp(java.lang.String,java.lang.String)[pri:0, instance:autm.amalwee.tests.RegisterTest@55b0dcab]" started-at="2026-03-11T15:13:52 EDT" name="setUp" finished-at="2026-03-11T15:14:11 EDT" duration-ms="19618" status="PASS">
          <params>
            <param index="0">
              <value>
                <![CDATA[firefox]]>
              </value>
            </param>
            <param index="1">
              <value>
                <![CDATA[true]]>
              </value>
            </param>
          </params>
          <reporter-output>
          </reporter-output>
        </test-method> <!-- setUp -->
        <test-method is-config="true" signature="setUp(java.lang.String,java.lang.String)[pri:0, instance:autm.amalwee.tests.RegisterTest@55b0dcab]" started-at="2026-03-11T15:13:52 EDT" name="setUp" finished-at="2026-03-11T15:14:09 EDT" duration-ms="17997" status="PASS">
          <params>
            <param index="0">
              <value>
                <![CDATA[firefox]]>
              </value>
            </param>
            <param index="1">
              <value>
                <![CDATA[true]]>
              </value>
            </param>
          </params>
          <reporter-output>
          </reporter-output>
        </test-method> <!-- setUp -->
        <test-method is-config="true" signature="setUp(java.lang.String,java.lang.String)[pri:0, instance:autm.amalwee.tests.RegisterTest@55b0dcab]" started-at="2026-03-11T15:13:52 EDT" name="setUp" finished-at="2026-03-11T15:14:13 EDT" duration-ms="21088" status="PASS">
          <params>
            <param index="0">
              <value>
                <![CDATA[firefox]]>
              </value>
            </param>
            <param index="1">
              <value>
                <![CDATA[true]]>
              </value>
            </param>
          </params>
          <reporter-output>
          </reporter-output>
        </test-method> <!-- setUp -->
        <test-method signature="userCanRegister(java.lang.String,java.lang.String,java.lang.String,java.lang.String,java.lang.String,boolean,java.lang.String)[pri:0, instance:autm.amalwee.tests.RegisterTest@55b0dcab]" started-at="2026-03-11T15:14:09 EDT" name="userCanRegister" data-provider="registerUsers" finished-at="2026-03-11T15:14:25 EDT" duration-ms="15900" status="FAIL">
          <params>
            <param index="0">
              <value>
                <![CDATA[male]]>
              </value>
            </param>
            <param index="1">
              <value>
                <![CDATA[Tom]]>
              </value>
            </param>
            <param index="2">
              <value>
                <![CDATA[Johb]]>
              </value>
            </param>
            <param index="3">
              <value>
                <![CDATA[tom1773256431984@mail.com]]>
              </value>
            </param>
            <param index="4">
              <value>
                <![CDATA[RET Company]]>
              </value>
            </param>
            <param index="5">
              <value>
                <![CDATA[false]]>
              </value>
            </param>
            <param index="6">
              <value>
                <![CDATA[Password123!]]>
              </value>
            </param>
          </params>
          <exception class="org.openqa.selenium.NoSuchSessionException">
            <message>
              <![CDATA[Tried to run command without establishing a connection
Build info: version: '4.18.1', revision: 'b1d3319b48'
System info: os.name: 'Windows 11', os.arch: 'amd64', os.version: '10.0', java.version: '17.0.5'
Driver info: org.openqa.selenium.firefox.FirefoxDriver
Command: [1dc14c5b-412b-4e9e-be49-643043269cf8, findElement {using=xpath, value=//button[contains(text(),'Register')]}]
Capabilities {acceptInsecureCerts: true, browserName: firefox, browserVersion: 148.0, moz:accessibilityChecks: false, moz:buildID: 20260216153405, moz:geckodriverVersion: 0.36.0, moz:headless: true, moz:platformVersion: 10.0, moz:processID: 54768, moz:profile: C:\Users\amalw\AppData\Loca..., moz:shutdownTimeout: 60000, moz:webdriverClick: true, moz:windowless: false, pageLoadStrategy: normal, platformName: windows, proxy: Proxy(), setWindowRect: true, strictFileInteractability: false, timeouts: {implicit: 0, pageLoad: 300000, script: 30000}, unhandledPromptBehavior: dismiss and notify, userAgent: Mozilla/5.0 (Windows NT 10....}
Session ID: 1dc14c5b-412b-4e9e-be49-643043269cf8]]>
            </message>
            <full-stacktrace>
              <![CDATA[org.openqa.selenium.NoSuchSessionException: Tried to run command without establishing a connection
Build info: version: '4.18.1', revision: 'b1d3319b48'
System info: os.name: 'Windows 11', os.arch: 'amd64', os.version: '10.0', java.version: '17.0.5'
Driver info: org.openqa.selenium.firefox.FirefoxDriver
Command: [1dc14c5b-412b-4e9e-be49-643043269cf8, findElement {using=xpath, value=//button[contains(text(),'Register')]}]
Capabilities {acceptInsecureCerts: true, browserName: firefox, browserVersion: 148.0, moz:accessibilityChecks: false, moz:buildID: 20260216153405, moz:geckodriverVersion: 0.36.0, moz:headless: true, moz:platformVersion: 10.0, moz:processID: 54768, moz:profile: C:\Users\amalw\AppData\Loca..., moz:shutdownTimeout: 60000, moz:webdriverClick: true, moz:windowless: false, pageLoadStrategy: normal, platformName: windows, proxy: Proxy(), setWindowRect: true, strictFileInteractability: false, timeouts: {implicit: 0, pageLoad: 300000, script: 30000}, unhandledPromptBehavior: dismiss and notify, userAgent: Mozilla/5.0 (Windows NT 10....}
Session ID: 1dc14c5b-412b-4e9e-be49-643043269cf8
at java.base/jdk.internal.reflect.NativeConstructorAccessorImpl.newInstance0(Native Method)
at java.base/jdk.internal.reflect.NativeConstructorAccessorImpl.newInstance(NativeConstructorAccessorImpl.java:77)
at java.base/jdk.internal.reflect.DelegatingConstructorAccessorImpl.newInstance(DelegatingConstructorAccessorImpl.java:45)
at java.base/java.lang.reflect.Constructor.newInstanceWithCaller(Constructor.java:499)
at java.base/java.lang.reflect.Constructor.newInstance(Constructor.java:480)
at org.openqa.selenium.remote.ErrorCodec.decode(ErrorCodec.java:167)
at org.openqa.selenium.remote.codec.w3c.W3CHttpResponseCodec.decode(W3CHttpResponseCodec.java:138)
at org.openqa.selenium.remote.codec.w3c.W3CHttpResponseCodec.decode(W3CHttpResponseCodec.java:50)
at org.openqa.selenium.remote.HttpCommandExecutor.execute(HttpCommandExecutor.java:190)
at org.openqa.selenium.remote.service.DriverCommandExecutor.invokeExecute(DriverCommandExecutor.java:216)
at org.openqa.selenium.remote.service.DriverCommandExecutor.execute(DriverCommandExecutor.java:174)
at org.openqa.selenium.remote.RemoteWebDriver.execute(RemoteWebDriver.java:519)
at org.openqa.selenium.remote.ElementLocation$ElementFinder$2.findElement(ElementLocation.java:165)
at org.openqa.selenium.remote.ElementLocation.findElement(ElementLocation.java:59)
at org.openqa.selenium.remote.RemoteWebDriver.findElement(RemoteWebDriver.java:356)
at org.openqa.selenium.remote.RemoteWebDriver.findElement(RemoteWebDriver.java:350)
at org.openqa.selenium.support.ui.ExpectedConditions$7.apply(ExpectedConditions.java:194)
at org.openqa.selenium.support.ui.ExpectedConditions$7.apply(ExpectedConditions.java:190)
at org.openqa.selenium.support.ui.ExpectedConditions$22.apply(ExpectedConditions.java:627)
at org.openqa.selenium.support.ui.ExpectedConditions$22.apply(ExpectedConditions.java:624)
at org.openqa.selenium.support.ui.FluentWait.until(FluentWait.java:203)
at autm.amalwee.base.BasePage.click(BasePage.java:42)
at autm.amalwee.pages.RegisterPage.registerUser(RegisterPage.java:104)
at autm.amalwee.tests.RegisterTest.userCanRegister(RegisterTest.java:27)
at java.base/jdk.internal.reflect.NativeMethodAccessorImpl.invoke0(Native Method)
at java.base/jdk.internal.reflect.NativeMethodAccessorImpl.invoke(NativeMethodAccessorImpl.java:77)
at java.base/jdk.internal.reflect.DelegatingMethodAccessorImpl.invoke(DelegatingMethodAccessorImpl.java:43)
at java.base/java.lang.reflect.Method.invoke(Method.java:568)
at org.testng.internal.invokers.MethodInvocationHelper.invokeMethod(MethodInvocationHelper.java:141)
at org.testng.internal.invokers.TestInvoker.invokeMethod(TestInvoker.java:687)
at org.testng.internal.invokers.TestInvoker.invokeTestMethod(TestInvoker.java:230)
at org.testng.internal.invokers.TestMethodWithDataProviderMethodWorker.call(TestMethodWithDataProviderMethodWorker.java:81)
at org.testng.internal.thread.Async$AsyncTask.run(Async.java:34)
at java.base/java.util.concurrent.ThreadPoolExecutor.runWorker(ThreadPoolExecutor.java:1136)
at java.base/java.util.concurrent.ThreadPoolExecutor$Worker.run(ThreadPoolExecutor.java:635)
at java.base/java.lang.Thread.run(Thread.java:833)
]]>
            </full-stacktrace>
          </exception> <!-- org.openqa.selenium.NoSuchSessionException -->
          <reporter-output>
          </reporter-output>
        </test-method> <!-- userCanRegister -->
        <test-method signature="userCanRegister(java.lang.String,java.lang.String,java.lang.String,java.lang.String,java.lang.String,boolean,java.lang.String)[pri:0, instance:autm.amalwee.tests.RegisterTest@55b0dcab]" started-at="2026-03-11T15:14:11 EDT" name="userCanRegister" data-provider="registerUsers" finished-at="2026-03-11T15:14:16 EDT" duration-ms="5327" status="PASS">
          <params>
            <param index="0">
              <value>
                <![CDATA[female]]>
              </value>
            </param>
            <param index="1">
              <value>
                <![CDATA[Anna]]>
              </value>
            </param>
            <param index="2">
              <value>
                <![CDATA[Smith]]>
              </value>
            </param>
            <param index="3">
              <value>
                <![CDATA[anna1773256431984@mail.com]]>
              </value>
            </param>
            <param index="4">
              <value>
                <![CDATA[VDC Company]]>
              </value>
            </param>
            <param index="5">
              <value>
                <![CDATA[true]]>
              </value>
            </param>
            <param index="6">
              <value>
                <![CDATA[Password123!]]>
              </value>
            </param>
          </params>
          <reporter-output>
          </reporter-output>
        </test-method> <!-- userCanRegister -->
        <test-method signature="userCanRegister(java.lang.String,java.lang.String,java.lang.String,java.lang.String,java.lang.String,boolean,java.lang.String)[pri:0, instance:autm.amalwee.tests.RegisterTest@55b0dcab]" started-at="2026-03-11T15:14:13 EDT" name="userCanRegister" data-provider="registerUsers" finished-at="2026-03-11T15:14:19 EDT" duration-ms="6811" status="PASS">
          <params>
            <param index="0">
              <value>
                <![CDATA[female]]>
              </value>
            </param>
            <param index="1">
              <value>
                <![CDATA[David]]>
              </value>
            </param>
            <param index="2">
              <value>
                <![CDATA[Lee]]>
              </value>
            </param>
            <param index="3">
              <value>
                <![CDATA[david1773256431984@mail.com]]>
              </value>
            </param>
            <param index="4">
              <value>
                <![CDATA[SDE Company]]>
              </value>
            </param>
            <param index="5">
              <value>
                <![CDATA[false]]>
              </value>
            </param>
            <param index="6">
              <value>
                <![CDATA[Password123!]]>
              </value>
            </param>
          </params>
          <reporter-output>
          </reporter-output>
        </test-method> <!-- userCanRegister -->
        <test-method signature="userCanRegister(java.lang.String,java.lang.String,java.lang.String,java.lang.String,java.lang.String,boolean,java.lang.String)[pri:0, instance:autm.amalwee.tests.RegisterTest@55b0dcab]" started-at="2026-03-11T15:14:15 EDT" name="userCanRegister" data-provider="registerUsers" finished-at="2026-03-11T15:14:17 EDT" duration-ms="2559" status="PASS">
          <params>
            <param index="0">
              <value>
                <![CDATA[male]]>
              </value>
            </param>
            <param index="1">
              <value>
                <![CDATA[John]]>
              </value>
            </param>
            <param index="2">
              <value>
                <![CDATA[Doe]]>
              </value>
            </param>
            <param index="3">
              <value>
                <![CDATA[john1773256431984@mail.com]]>
              </value>
            </param>
            <param index="4">
              <value>
                <![CDATA[ABC Company]]>
              </value>
            </param>
            <param index="5">
              <value>
                <![CDATA[true]]>
              </value>
            </param>
            <param index="6">
              <value>
                <![CDATA[Password123!]]>
              </value>
            </param>
          </params>
          <reporter-output>
          </reporter-output>
        </test-method> <!-- userCanRegister -->
        <test-method is-config="true" signature="tearDown()[pri:0, instance:autm.amalwee.tests.RegisterTest@55b0dcab]" started-at="2026-03-11T15:14:16 EDT" name="tearDown" finished-at="2026-03-11T15:14:22 EDT" duration-ms="5769" status="PASS">
          <reporter-output>
          </reporter-output>
        </test-method> <!-- tearDown -->
        <test-method is-config="true" signature="tearDown()[pri:0, instance:autm.amalwee.tests.RegisterTest@55b0dcab]" started-at="2026-03-11T15:14:17 EDT" name="tearDown" finished-at="2026-03-11T15:14:25 EDT" duration-ms="7897" status="PASS">
          <reporter-output>
          </reporter-output>
        </test-method> <!-- tearDown -->
        <test-method is-config="true" signature="tearDown()[pri:0, instance:autm.amalwee.tests.RegisterTest@55b0dcab]" started-at="2026-03-11T15:14:19 EDT" name="tearDown" finished-at="2026-03-11T15:14:25 EDT" duration-ms="6050" status="PASS">
          <reporter-output>
          </reporter-output>
        </test-method> <!-- tearDown -->
        <test-method is-config="true" signature="tearDown()[pri:0, instance:autm.amalwee.tests.RegisterTest@55b0dcab]" started-at="2026-03-11T15:14:25 EDT" name="tearDown" finished-at="2026-03-11T15:14:29 EDT" duration-ms="3590" status="PASS">
          <reporter-output>
          </reporter-output>
        </test-method> <!-- tearDown -->
      </class> <!-- autm.amalwee.tests.RegisterTest -->
    </test> <!-- FirefoxTests -->
    <test started-at="2026-03-11T15:13:51 EDT" name="EdgeTests" finished-at="2026-03-11T15:14:29 EDT" duration-ms="37910">
      <class name="autm.amalwee.tests.RegisterTest">
        <test-method is-config="true" signature="setUp(java.lang.String,java.lang.String)[pri:0, instance:autm.amalwee.tests.RegisterTest@2df3b89c]" started-at="2026-03-11T15:13:52 EDT" name="setUp" finished-at="2026-03-11T15:14:05 EDT" duration-ms="13157" status="PASS">
          <params>
            <param index="0">
              <value>
                <![CDATA[edge]]>
              </value>
            </param>
            <param index="1">
              <value>
                <![CDATA[true]]>
              </value>
            </param>
          </params>
          <reporter-output>
          </reporter-output>
        </test-method> <!-- setUp -->
        <test-method is-config="true" signature="setUp(java.lang.String,java.lang.String)[pri:0, instance:autm.amalwee.tests.RegisterTest@2df3b89c]" started-at="2026-03-11T15:13:52 EDT" name="setUp" finished-at="2026-03-11T15:14:04 EDT" duration-ms="12883" status="PASS">
          <params>
            <param index="0">
              <value>
                <![CDATA[edge]]>
              </value>
            </param>
            <param index="1">
              <value>
                <![CDATA[true]]>
              </value>
            </param>
          </params>
          <reporter-output>
          </reporter-output>
        </test-method> <!-- setUp -->
        <test-method is-config="true" signature="setUp(java.lang.String,java.lang.String)[pri:0, instance:autm.amalwee.tests.RegisterTest@2df3b89c]" started-at="2026-03-11T15:13:52 EDT" name="setUp" finished-at="2026-03-11T15:14:03 EDT" duration-ms="11086" status="PASS">
          <params>
            <param index="0">
              <value>
                <![CDATA[edge]]>
              </value>
            </param>
            <param index="1">
              <value>
                <![CDATA[true]]>
              </value>
            </param>
          </params>
          <reporter-output>
          </reporter-output>
        </test-method> <!-- setUp -->
        <test-method is-config="true" signature="setUp(java.lang.String,java.lang.String)[pri:0, instance:autm.amalwee.tests.RegisterTest@2df3b89c]" started-at="2026-03-11T15:13:52 EDT" name="setUp" finished-at="2026-03-11T15:14:03 EDT" duration-ms="11227" status="PASS">
          <params>
            <param index="0">
              <value>
                <![CDATA[edge]]>
              </value>
            </param>
            <param index="1">
              <value>
                <![CDATA[true]]>
              </value>
            </param>
          </params>
          <reporter-output>
          </reporter-output>
        </test-method> <!-- setUp -->
        <test-method signature="userCanRegister(java.lang.String,java.lang.String,java.lang.String,java.lang.String,java.lang.String,boolean,java.lang.String)[pri:0, instance:autm.amalwee.tests.RegisterTest@2df3b89c]" started-at="2026-03-11T15:14:03 EDT" name="userCanRegister" data-provider="registerUsers" finished-at="2026-03-11T15:14:26 EDT" duration-ms="23232" status="PASS">
          <params>
            <param index="0">
              <value>
                <![CDATA[male]]>
              </value>
            </param>
            <param index="1">
              <value>
                <![CDATA[Tom]]>
              </value>
            </param>
            <param index="2">
              <value>
                <![CDATA[Johb]]>
              </value>
            </param>
            <param index="3">
              <value>
                <![CDATA[tom1773256431984@mail.com]]>
              </value>
            </param>
            <param index="4">
              <value>
                <![CDATA[RET Company]]>
              </value>
            </param>
            <param index="5">
              <value>
                <![CDATA[false]]>
              </value>
            </param>
            <param index="6">
              <value>
                <![CDATA[Password123!]]>
              </value>
            </param>
          </params>
          <reporter-output>
          </reporter-output>
        </test-method> <!-- userCanRegister -->
        <test-method signature="userCanRegister(java.lang.String,java.lang.String,java.lang.String,java.lang.String,java.lang.String,boolean,java.lang.String)[pri:0, instance:autm.amalwee.tests.RegisterTest@2df3b89c]" started-at="2026-03-11T15:14:03 EDT" name="userCanRegister" data-provider="registerUsers" finished-at="2026-03-11T15:14:25 EDT" duration-ms="21955" status="PASS">
          <params>
            <param index="0">
              <value>
                <![CDATA[female]]>
              </value>
            </param>
            <param index="1">
              <value>
                <![CDATA[Anna]]>
              </value>
            </param>
            <param index="2">
              <value>
                <![CDATA[Smith]]>
              </value>
            </param>
            <param index="3">
              <value>
                <![CDATA[anna1773256431984@mail.com]]>
              </value>
            </param>
            <param index="4">
              <value>
                <![CDATA[VDC Company]]>
              </value>
            </param>
            <param index="5">
              <value>
                <![CDATA[true]]>
              </value>
            </param>
            <param index="6">
              <value>
                <![CDATA[Password123!]]>
              </value>
            </param>
          </params>
          <reporter-output>
          </reporter-output>
        </test-method> <!-- userCanRegister -->
        <test-method signature="userCanRegister(java.lang.String,java.lang.String,java.lang.String,java.lang.String,java.lang.String,boolean,java.lang.String)[pri:0, instance:autm.amalwee.tests.RegisterTest@2df3b89c]" started-at="2026-03-11T15:14:04 EDT" name="userCanRegister" data-provider="registerUsers" finished-at="2026-03-11T15:14:26 EDT" duration-ms="21628" status="PASS">
          <params>
            <param index="0">
              <value>
                <![CDATA[female]]>
              </value>
            </param>
            <param index="1">
              <value>
                <![CDATA[David]]>
              </value>
            </param>
            <param index="2">
              <value>
                <![CDATA[Lee]]>
              </value>
            </param>
            <param index="3">
              <value>
                <![CDATA[david1773256431984@mail.com]]>
              </value>
            </param>
            <param index="4">
              <value>
                <![CDATA[SDE Company]]>
              </value>
            </param>
            <param index="5">
              <value>
                <![CDATA[false]]>
              </value>
            </param>
            <param index="6">
              <value>
                <![CDATA[Password123!]]>
              </value>
            </param>
          </params>
          <reporter-output>
          </reporter-output>
        </test-method> <!-- userCanRegister -->
        <test-method signature="userCanRegister(java.lang.String,java.lang.String,java.lang.String,java.lang.String,java.lang.String,boolean,java.lang.String)[pri:0, instance:autm.amalwee.tests.RegisterTest@2df3b89c]" started-at="2026-03-11T15:14:05 EDT" name="userCanRegister" data-provider="registerUsers" finished-at="2026-03-11T15:14:25 EDT" duration-ms="20634" status="PASS">
          <params>
            <param index="0">
              <value>
                <![CDATA[male]]>
              </value>
            </param>
            <param index="1">
              <value>
                <![CDATA[John]]>
              </value>
            </param>
            <param index="2">
              <value>
                <![CDATA[Doe]]>
              </value>
            </param>
            <param index="3">
              <value>
                <![CDATA[john1773256431984@mail.com]]>
              </value>
            </param>
            <param index="4">
              <value>
                <![CDATA[ABC Company]]>
              </value>
            </param>
            <param index="5">
              <value>
                <![CDATA[true]]>
              </value>
            </param>
            <param index="6">
              <value>
                <![CDATA[Password123!]]>
              </value>
            </param>
          </params>
          <reporter-output>
          </reporter-output>
        </test-method> <!-- userCanRegister -->
        <test-method is-config="true" signature="tearDown()[pri:0, instance:autm.amalwee.tests.RegisterTest@2df3b89c]" started-at="2026-03-11T15:14:25 EDT" name="tearDown" finished-at="2026-03-11T15:14:28 EDT" duration-ms="3790" status="PASS">
          <reporter-output>
          </reporter-output>
        </test-method> <!-- tearDown -->
        <test-method is-config="true" signature="tearDown()[pri:0, instance:autm.amalwee.tests.RegisterTest@2df3b89c]" started-at="2026-03-11T15:14:25 EDT" name="tearDown" finished-at="2026-03-11T15:14:28 EDT" duration-ms="3183" status="PASS">
          <reporter-output>
          </reporter-output>
        </test-method> <!-- tearDown -->
        <test-method is-config="true" signature="tearDown()[pri:0, instance:autm.amalwee.tests.RegisterTest@2df3b89c]" started-at="2026-03-11T15:14:26 EDT" name="tearDown" finished-at="2026-03-11T15:14:28 EDT" duration-ms="2665" status="PASS">
          <reporter-output>
          </reporter-output>
        </test-method> <!-- tearDown -->
        <test-method is-config="true" signature="tearDown()[pri:0, instance:autm.amalwee.tests.RegisterTest@2df3b89c]" started-at="2026-03-11T15:14:26 EDT" name="tearDown" finished-at="2026-03-11T15:14:29 EDT" duration-ms="3335" status="PASS">
          <reporter-output>
          </reporter-output>
        </test-method> <!-- tearDown -->
      </class> <!-- autm.amalwee.tests.RegisterTest -->
    </test> <!-- EdgeTests -->
  </suite> <!-- Automation Suite -->
</testng-results>
