<?xml version="1.0" encoding="UTF-8"?>
<!-- Generated by org.testng.reporters.JUnitReportReporter -->
<testsuite hostname="Amals_HP_Envy" failures="0" tests="12" name="autm.amalwee.tests.RegisterTest" time="433.037" errors="1" timestamp="2026-03-11T15:14:30 EDT" skipped="0">
  <testcase classname="autm.amalwee.tests.RegisterTest" name="userCanRegister" time="33.498"/>
  <testcase classname="autm.amalwee.tests.RegisterTest" name="userCanRegister" time="37.694"/>
  <testcase classname="autm.amalwee.tests.RegisterTest" name="userCanRegister" time="36.376"/>
  <testcase classname="autm.amalwee.tests.RegisterTest" name="userCanRegister" time="37.124"/>
  <testcase classname="autm.amalwee.tests.RegisterTest" name="userCanRegister" time="29.697"/>
  <testcase classname="autm.amalwee.tests.RegisterTest" name="userCanRegister" time="30.714"/>
  <testcase classname="autm.amalwee.tests.RegisterTest" name="userCanRegister" time="37.581"/>
  <testcase classname="autm.amalwee.tests.RegisterTest" name="userCanRegister" time="36.002"/>
  <testcase classname="autm.amalwee.tests.RegisterTest" name="userCanRegister" time="27.561"/>
  <testcase classname="autm.amalwee.tests.RegisterTest" name="userCanRegister" time="37.153"/>
  <testcase classname="autm.amalwee.tests.RegisterTest" name="userCanRegister" time="41.794">
    <error message="Tried to run command without establishing a connection
Build info: version: &#039;4.18.1&#039;, revision: &#039;b1d3319b48&#039;
System info: os.name: &#039;Windows 11&#039;, os.arch: &#039;amd64&#039;, os.version: &#039;10.0&#039;, java.version: &#039;17.0.5&#039;
Driver info: org.openqa.selenium.firefox.FirefoxDriver
Command: [1dc14c5b-412b-4e9e-be49-643043269cf8, findElement {using=xpath, value=//button[contains(text(),&#039;Register&#039;)]}]
Capabilities {acceptInsecureCerts: true, browserName: firefox, browserVersion: 148.0, moz:accessibilityChecks: false, moz:buildID: 20260216153405, moz:geckodriverVersion: 0.36.0, moz:headless: true, moz:platformVersion: 10.0, moz:processID: 54768, moz:profile: C:\Users\amalw\AppData\Loca..., moz:shutdownTimeout: 60000, moz:webdriverClick: true, moz:windowless: false, pageLoadStrategy: normal, platformName: windows, proxy: Proxy(), setWindowRect: true, strictFileInteractability: false, timeouts: {implicit: 0, pageLoad: 300000, script: 30000}, unhandledPromptBehavior: dismiss and notify, userAgent: Mozilla/5.0 (Windows NT 10....}
Session ID: 1dc14c5b-412b-4e9e-be49-643043269cf8" type="org.openqa.selenium.NoSuchSessionException">
      <![CDATA[org.openqa.selenium.NoSuchSessionException: Tried to run command without establishing a connection
Build info: version: '4.18.1', revision: 'b1d3319b48'
System info: os.name: 'Windows 11', os.arch: 'amd64', os.version: '10.0', java.version: '17.0.5'
Driver info: org.openqa.selenium.firefox.FirefoxDriver
Command: [1dc14c5b-412b-4e9e-be49-643043269cf8, findElement {using=xpath, value=//button[contains(text(),'Register')]}]
Capabilities {acceptInsecureCerts: true, browserName: firefox, browserVersion: 148.0, moz:accessibilityChecks: false, moz:buildID: 20260216153405, moz:geckodriverVersion: 0.36.0, moz:headless: true, moz:platformVersion: 10.0, moz:processID: 54768, moz:profile: C:\Users\amalw\AppData\Loca..., moz:shutdownTimeout: 60000, moz:webdriverClick: true, moz:windowless: false, pageLoadStrategy: normal, platformName: windows, proxy: Proxy(), setWindowRect: true, strictFileInteractability: false, timeouts: {implicit: 0, pageLoad: 300000, script: 30000}, unhandledPromptBehavior: dismiss and notify, userAgent: Mozilla/5.0 (Windows NT 10....}
Session ID: 1dc14c5b-412b-4e9e-be49-643043269cf8
at java.base/jdk.internal.reflect.NativeConstructorAccessorImpl.newInstance0(Native Method)
at java.base/jdk.internal.reflect.NativeConstructorAccessorImpl.newInstance(NativeConstructorAccessorImpl.java:77)
at java.base/jdk.internal.reflect.DelegatingConstructorAccessorImpl.newInstance(DelegatingConstructorAccessorImpl.java:45)
at java.base/java.lang.reflect.Constructor.newInstanceWithCaller(Constructor.java:499)
at java.base/java.lang.reflect.Constructor.newInstance(Constructor.java:480)
at org.openqa.selenium.remote.ErrorCodec.decode(ErrorCodec.java:167)
at org.openqa.selenium.remote.codec.w3c.W3CHttpResponseCodec.decode(W3CHttpResponseCodec.java:138)
at org.openqa.selenium.remote.codec.w3c.W3CHttpResponseCodec.decode(W3CHttpResponseCodec.java:50)
at org.openqa.selenium.remote.HttpCommandExecutor.execute(HttpCommandExecutor.java:190)
at org.openqa.selenium.remote.service.DriverCommandExecutor.invokeExecute(DriverCommandExecutor.java:216)
at org.openqa.selenium.remote.service.DriverCommandExecutor.execute(DriverCommandExecutor.java:174)
at org.openqa.selenium.remote.RemoteWebDriver.execute(RemoteWebDriver.java:519)
at org.openqa.selenium.remote.ElementLocation$ElementFinder$2.findElement(ElementLocation.java:165)
at org.openqa.selenium.remote.ElementLocation.findElement(ElementLocation.java:59)
at org.openqa.selenium.remote.RemoteWebDriver.findElement(RemoteWebDriver.java:356)
at org.openqa.selenium.remote.RemoteWebDriver.findElement(RemoteWebDriver.java:350)
at org.openqa.selenium.support.ui.ExpectedConditions$7.apply(ExpectedConditions.java:194)
at org.openqa.selenium.support.ui.ExpectedConditions$7.apply(ExpectedConditions.java:190)
at org.openqa.selenium.support.ui.ExpectedConditions$22.apply(ExpectedConditions.java:627)
at org.openqa.selenium.support.ui.ExpectedConditions$22.apply(ExpectedConditions.java:624)
at org.openqa.selenium.support.ui.FluentWait.until(FluentWait.java:203)
at autm.amalwee.base.BasePage.click(BasePage.java:42)
at autm.amalwee.pages.RegisterPage.registerUser(RegisterPage.java:104)
at autm.amalwee.tests.RegisterTest.userCanRegister(RegisterTest.java:27)
at java.base/jdk.internal.reflect.NativeMethodAccessorImpl.invoke0(Native Method)
at java.base/jdk.internal.reflect.NativeMethodAccessorImpl.invoke(NativeMethodAccessorImpl.java:77)
at java.base/jdk.internal.reflect.DelegatingMethodAccessorImpl.invoke(DelegatingMethodAccessorImpl.java:43)
at java.base/java.lang.reflect.Method.invoke(Method.java:568)
at org.testng.internal.invokers.MethodInvocationHelper.invokeMethod(MethodInvocationHelper.java:141)
at org.testng.internal.invokers.TestInvoker.invokeMethod(TestInvoker.java:687)
at org.testng.internal.invokers.TestInvoker.invokeTestMethod(TestInvoker.java:230)
at org.testng.internal.invokers.TestMethodWithDataProviderMethodWorker.call(TestMethodWithDataProviderMethodWorker.java:81)
at org.testng.internal.thread.Async$AsyncTask.run(Async.java:34)
at java.base/java.util.concurrent.ThreadPoolExecutor.runWorker(ThreadPoolExecutor.java:1136)
at java.base/java.util.concurrent.ThreadPoolExecutor$Worker.run(ThreadPoolExecutor.java:635)
at java.base/java.lang.Thread.run(Thread.java:833)
]]>
    </error>
  </testcase> <!-- userCanRegister -->
  <testcase classname="autm.amalwee.tests.RegisterTest" name="userCanRegister" time="47.843"/>
</testsuite> <!-- autm.amalwee.tests.RegisterTest -->
